2025-09-13 19:01:31 - __main__ - INFO - Запуск приложения...
2025-09-13 19:01:31 - notify.models - INFO - 📊 Менеджер уведомлений инициализирован
2025-09-13 19:01:31 - notify.models - INFO - 🔍 Проверка формата дат занятий
2025-09-13 19:01:31 - notify.models - INFO - 📊 Примеры дат из базы:
2025-09-13 19:01:31 - notify.handlers.confirmation_handlers - INFO - ✅ Обработчики инлайн-кнопок подтверждения зарегистрированы
2025-09-13 19:01:31 - notify.handlers.notification_handlers - INFO - ✅ Обработчики уведомлений настроены
2025-09-13 19:01:31 - __main__ - INFO - Бот успешно инициализирован
2025-09-13 19:01:31 - __main__ - INFO - Планировщик напоминаний запущен
2025-09-13 19:01:31 - __main__ - INFO - Бот запущен и готов к работе
2025-09-13 19:01:31 - notify.scheduler - INFO - 🚀 Планировщик уведомлений запущен
2025-09-13 19:01:31 - notify.models - INFO - 🔍 Поиск занятий для уведомления (сегодня + завтра)
2025-09-13 19:01:31 - notify.models - INFO - 📊 Все занятия на сегодня и завтра: 0
2025-09-13 19:01:31 - notify.models - INFO - 👥 Ученики без telegram_id: 0
2025-09-13 19:01:31 - notify.models - INFO - 📨 Уже отправленные уведомления: 0
2025-09-13 19:01:31 - notify.models - INFO - 🎯 Найдено занятий для уведомления: 0
2025-09-13 19:01:31 - notify.scheduler - INFO - 📋 Найдено занятий для уведомления: 0
2025-09-13 19:01:31 - lesson_reports.handlers - INFO - 🚀 Запуск планировщика уведомлений о завершении занятий
2025-09-13 19:01:31 - lesson_reports.handlers - INFO - 🔍 Проверка завершенных занятий...
2025-09-13 19:01:31 - lesson_reports.handlers - INFO - Найдено завершенных занятий (группировано): 0
2025-09-13 19:01:31 - notify.notify_tutors.reminder_scheduler - INFO - 🚀 Планировщик напоминаний запущен
2025-09-13 19:01:31 - notify.notify_tutors.reminder_scheduler - INFO - Сброшено 0 напоминаний для прошедших занятий
2025-09-13 19:01:31 - database - INFO - 🕒 UTC время в БД: 2025-09-13 16:01:31
2025-09-13 19:01:31 - database - INFO - 🏠 Локальное время в БД: 2025-09-13 19:01:31
2025-09-13 19:01:42 - aiogram.dispatcher - ERROR - Failed to fetch updates - TelegramNetworkError: HTTP Client says - ClientOSError: [Errno 1] [SSL: APPLICATION_DATA_AFTER_CLOSE_NOTIFY] application data after close notify (_ssl.c:2706)
2025-09-13 19:01:42 - aiogram.dispatcher - WARNING - Sleep for 1.000000 seconds and try again... (tryings = 0, bot id = 7894609390)
2025-09-13 19:01:42 - __main__ - INFO - Получен сигнал остановки
2025-09-13 19:01:42 - __main__ - INFO - Завершение работы бота...
2025-09-13 19:01:42 - notify.notify_tutors.reminder_scheduler - INFO - Остановка планировщика напоминаний...
2025-09-13 19:01:42 - notify.notify_tutors.reminder_scheduler - INFO - Планировщик напоминаний остановлен по запросу
2025-09-13 19:01:42 - notify.notify_tutors.reminder_scheduler - INFO - Цикл планировщика завершен
2025-09-13 19:01:42 - notify.notify_tutors.reminder_scheduler - INFO - Планировщик напоминаний успешно остановлен
2025-09-13 19:01:42 - __main__ - INFO - Планировщик напоминаний остановлен
2025-09-13 19:01:42 - __main__ - INFO - Бот успешно остановлен
2025-09-13 19:04:45 - __main__ - INFO - Запуск приложения...
2025-09-13 19:04:45 - notify.models - INFO - 📊 Менеджер уведомлений инициализирован
2025-09-13 19:04:45 - notify.models - INFO - 🔍 Проверка формата дат занятий
2025-09-13 19:04:45 - notify.models - INFO - 📊 Примеры дат из базы:
2025-09-13 19:04:45 - notify.models - INFO -    Занятие #6: '2025-09-14 10:00:00' - planned
2025-09-13 19:04:45 - notify.models - INFO -    Занятие #7: '2025-09-14 10:00:00' - planned
2025-09-13 19:04:45 - notify.models - INFO -    Занятие #8: '2025-09-14 10:00:00' - planned
2025-09-13 19:04:45 - notify.models - INFO -    Занятие #2: '2025-09-14 12:00:00' - planned
2025-09-13 19:04:45 - notify.models - INFO -    Занятие #34: '2025-09-17 18:00:00' - planned
2025-09-13 19:04:45 - notify.models - INFO -    Занятие #35: '2025-09-17 18:00:00' - planned
2025-09-13 19:04:45 - notify.models - INFO -    Занятие #36: '2025-09-17 18:00:00' - planned
2025-09-13 19:04:45 - notify.models - INFO -    Занятие #37: '2025-09-17 18:00:00' - planned
2025-09-13 19:04:45 - notify.models - INFO -    Занятие #21: '2025-09-19 16:00:00' - planned
2025-09-13 19:04:45 - notify.models - INFO -    Занятие #22: '2025-09-19 16:00:00' - planned
2025-09-13 19:04:45 - notify.handlers.confirmation_handlers - INFO - ✅ Обработчики инлайн-кнопок подтверждения зарегистрированы
2025-09-13 19:04:45 - notify.handlers.notification_handlers - INFO - ✅ Обработчики уведомлений настроены
2025-09-13 19:04:45 - __main__ - INFO - Бот успешно инициализирован
2025-09-13 19:04:45 - __main__ - INFO - Планировщик напоминаний запущен
2025-09-13 19:04:45 - __main__ - INFO - Бот запущен и готов к работе
2025-09-13 19:04:45 - notify.scheduler - INFO - 🚀 Планировщик уведомлений запущен
2025-09-13 19:04:45 - notify.models - INFO - 🔍 Поиск занятий для уведомления (сегодня + завтра)
2025-09-13 19:04:45 - notify.models - INFO - 📊 Все занятия на сегодня и завтра: 4
2025-09-13 19:04:45 - notify.models - INFO -    📅 #2: Ариша - 2025-09-14 12:00:00 - статус: planned - TG: 8154965609
2025-09-13 19:04:45 - notify.models - INFO -    📅 #6: Карина - 2025-09-14 10:00:00 - статус: planned - TG: None
2025-09-13 19:04:45 - notify.models - INFO -    📅 #7: Егор - 2025-09-14 10:00:00 - статус: planned - TG: None
2025-09-13 19:04:45 - notify.models - INFO -    📅 #8: Даша Б. - 2025-09-14 10:00:00 - статус: planned - TG: None
2025-09-13 19:04:45 - notify.models - INFO - 👥 Ученики без telegram_id: 3
2025-09-13 19:04:45 - notify.models - INFO -    ❌ #9: Карина - TG: None
2025-09-13 19:04:45 - notify.models - INFO -    ❌ #10: Егор - TG: None
2025-09-13 19:04:45 - notify.models - INFO -    ❌ #11: Даша Б. - TG: None
2025-09-13 19:04:45 - notify.models - INFO - 📨 Уже отправленные уведомления: 1
2025-09-13 19:04:45 - notify.models - INFO -    📤 #2 - отправлено в 2025-09-13 00:00:10
2025-09-13 19:04:45 - notify.models - INFO - 🎯 Найдено занятий для уведомления: 0
2025-09-13 19:04:45 - notify.scheduler - INFO - 📋 Найдено занятий для уведомления: 0
2025-09-13 19:04:45 - lesson_reports.handlers - INFO - 🚀 Запуск планировщика уведомлений о завершении занятий
2025-09-13 19:04:45 - lesson_reports.handlers - INFO - 🔍 Проверка завершенных занятий...
2025-09-13 19:04:45 - lesson_reports.handlers - INFO - Найдено завершенных занятий (группировано): 0
2025-09-13 19:04:45 - notify.notify_tutors.reminder_scheduler - INFO - 🚀 Планировщик напоминаний запущен
2025-09-13 19:04:45 - notify.notify_tutors.reminder_scheduler - INFO - Сброшено 0 напоминаний для прошедших занятий
2025-09-13 19:04:45 - database - INFO - 🕒 UTC время в БД: 2025-09-13 16:04:45
2025-09-13 19:04:45 - database - INFO - 🏠 Локальное время в БД: 2025-09-13 19:04:45
2025-09-13 19:05:45 - lesson_reports.handlers - INFO - 🔍 Проверка завершенных занятий...
2025-09-13 19:05:45 - lesson_reports.handlers - INFO - Найдено завершенных занятий (группировано): 0
2025-09-13 19:06:45 - lesson_reports.handlers - INFO - 🔍 Проверка завершенных занятий...
2025-09-13 19:06:45 - lesson_reports.handlers - INFO - Найдено завершенных занятий (группировано): 0
2025-09-13 19:07:45 - lesson_reports.handlers - INFO - 🔍 Проверка завершенных занятий...
2025-09-13 19:07:45 - lesson_reports.handlers - INFO - Найдено завершенных занятий (группировано): 0
2025-09-13 19:08:45 - lesson_reports.handlers - INFO - 🔍 Проверка завершенных занятий...
2025-09-13 19:08:45 - lesson_reports.handlers - INFO - Найдено завершенных занятий (группировано): 0
2025-09-13 19:09:24 - handlers.start.main - INFO - Обработчик /start вызван для пользователя 7516387188
2025-09-13 19:09:24 - handlers.start.deep_links - INFO - Deep link: ref_P1IWTMTI from user: 7516387188
2025-09-13 19:09:24 - handlers.start.deep_links - INFO - Обрабатываем реферальный код: ref_P1IWTMTI для пользователя: 7516387188
2025-09-13 19:09:24 - handlers.start.deep_links - INFO - Найден репетитор: None
2025-09-13 19:09:42 - handlers.registration.messages - INFO - === ОБРАБОТЧИК КОНТАКТА ВЫЗВАН ===
2025-09-13 19:09:42 - handlers.registration.messages - INFO - Текущее состояние: RegistrationStates:waiting_for_phone
2025-09-13 19:09:42 - handlers.registration.messages - INFO - Контакт получен: phone_number='79183567075' first_name='Ivan' last_name=None user_id=7516387188 vcard=None
2025-09-13 19:09:42 - handlers.registration.messages - INFO - Номер телефона: 79183567075
2025-09-13 19:09:42 - handlers.registration.messages - INFO - Исходный номер: '79183567075'
2025-09-13 19:09:42 - handlers.registration.messages - INFO - Очищенный номер: '79183567075'
2025-09-13 19:09:42 - handlers.registration.messages - INFO - Форматированный номер: '+79183567075'
2025-09-13 19:09:42 - handlers.registration.utils - INFO - Валидация номера: '+79183567075'
2025-09-13 19:09:42 - handlers.registration.utils - INFO - Цифры номера: 79183567075 (длина: 11)
2025-09-13 19:09:42 - handlers.registration.utils - INFO - Номер прошел валидацию: 79183567075
2025-09-13 19:09:42 - handlers.registration.messages - INFO - === УСПЕШНО ОБРАБОТАН КОНТАКТ ===
2025-09-13 19:09:45 - handlers.registration.callbacks - INFO - Текущее состояние: RegistrationStates:confirmation
2025-09-13 19:09:45 - handlers.registration.callbacks - INFO - Данные состояния: {'registration_messages': [2794], 'name': 'Пупа', 'phone': '+79183567075'}
2025-09-13 19:09:45 - database - INFO - Добавлен репетитор: Пупа
2025-09-13 19:09:45 - handlers.registration.callbacks - INFO - Репетитор добавлен с ID: 7
2025-09-13 19:09:45 - notify.models - INFO - 🔍 Поиск занятий для уведомления (сегодня + завтра)
2025-09-13 19:09:45 - notify.models - INFO - 📊 Все занятия на сегодня и завтра: 4
2025-09-13 19:09:45 - notify.models - INFO -    📅 #2: Ариша - 2025-09-14 12:00:00 - статус: planned - TG: 8154965609
2025-09-13 19:09:45 - notify.models - INFO -    📅 #6: Карина - 2025-09-14 10:00:00 - статус: planned - TG: None
2025-09-13 19:09:45 - notify.models - INFO -    📅 #7: Егор - 2025-09-14 10:00:00 - статус: planned - TG: None
2025-09-13 19:09:45 - notify.models - INFO -    📅 #8: Даша Б. - 2025-09-14 10:00:00 - статус: planned - TG: None
2025-09-13 19:09:45 - notify.models - INFO - 👥 Ученики без telegram_id: 3
2025-09-13 19:09:45 - notify.models - INFO -    ❌ #9: Карина - TG: None
2025-09-13 19:09:45 - notify.models - INFO -    ❌ #10: Егор - TG: None
2025-09-13 19:09:45 - notify.models - INFO -    ❌ #11: Даша Б. - TG: None
2025-09-13 19:09:45 - notify.models - INFO - 📨 Уже отправленные уведомления: 1
2025-09-13 19:09:45 - notify.models - INFO -    📤 #2 - отправлено в 2025-09-13 00:00:10
2025-09-13 19:09:45 - notify.models - INFO - 🎯 Найдено занятий для уведомления: 0
2025-09-13 19:09:45 - notify.scheduler - INFO - 📋 Найдено занятий для уведомления: 0
2025-09-13 19:09:45 - database - INFO - 🕒 UTC время в БД: 2025-09-13 16:09:45
2025-09-13 19:09:45 - database - INFO - 🏠 Локальное время в БД: 2025-09-13 19:09:45
2025-09-13 19:09:45 - lesson_reports.handlers - INFO - 🔍 Проверка завершенных занятий...
2025-09-13 19:09:45 - lesson_reports.handlers - INFO - Найдено завершенных занятий (группировано): 0
